[debug] > Exec(early(addDefaultCommands), None, None)
[debug] > Exec(addDefaultCommands, None, None)
[debug] > Exec(early(initialize), None, None)
[debug] > Exec(initialize, None, None)
[debug] > Exec(boot, None, None)
[debug] > Exec(writeSbtVersion, None, None)
[debug] > Exec(reload, None, None)
[debug] > Exec(sbtStashOnFailure, None, None)
[debug] > Exec(onFailure loadFailed, None, None)
[debug] > Exec(loadp, None, None)
[info] welcome to sbt 1.10.0 (Eclipse Adoptium Java 11.0.23)
[debug] Load.defaultLoad until apply took 153.101125ms
[debug]           Load.loadUnit: plugins took 126.405625ms
[debug]           Load.loadUnit: defsScala took 0.253708ms
[debug] [Loading] Scanning directory /Users/purvigupta/Desktop/apple-scala-training/assessment1/project
[debug] [Loading] Found non-root projects 
[debug] [Loading] Done in /Users/purvigupta/Desktop/apple-scala-training/assessment1/project, returning: ()
[debug] deducing auto plugins based on known facts Set(Atom(sbt.plugins.CorePlugin)) and clauses Clauses(Clause(Atom(sbt.plugins.JvmPlugin),Set(Atom(sbt.plugins.IvyPlugin)))
[debug] Clause(Atom(sbt.ScriptedPlugin),Set(Atom(sbt.plugins.JvmPlugin)))
[debug] Clause(Atom(sbt.plugins.SbtPlugin),Set(Atom(sbt.ScriptedPlugin)))
[debug] Clause(Atom(sbt.plugins.SemanticdbPlugin),Set(Atom(sbt.plugins.JvmPlugin)))
[debug] Clause(Atom(sbt.plugins.JUnitXmlReportPlugin),Set(Atom(sbt.plugins.JvmPlugin)))
[debug] Clause(Atom(sbt.plugins.MiniDependencyTreePlugin),Set(Atom(sbt.plugins.JvmPlugin)))
[debug] Clause(Atom(sbt.plugins.CorePlugin),Set(Atom(sbt.plugins.IvyPlugin)))
[debug] Clause(Atom(sbt.plugins.IvyPlugin),Set(Atom(sbt.plugins.JvmPlugin)))
[debug] Clause(Atom(sbt.plugins.JvmPlugin),Set(Atom(sbt.plugins.SemanticdbPlugin)))
[debug] Clause(Atom(sbt.plugins.JvmPlugin),Set(Atom(sbt.plugins.JUnitXmlReportPlugin)))
[debug] Clause(Atom(sbt.plugins.CorePlugin),Set(Atom(sbt.plugins.Giter8TemplatePlugin)))
[debug] Clause(Atom(sbt.plugins.JvmPlugin),Set(Atom(sbt.plugins.MiniDependencyTreePlugin))))
[debug]   :: deduced result: Matched(sbt.plugins.CorePlugin,sbt.plugins.Giter8TemplatePlugin,sbt.plugins.IvyPlugin,sbt.plugins.JvmPlugin,sbt.plugins.MiniDependencyTreePlugin,sbt.plugins.JUnitXmlReportPlugin,sbt.plugins.SemanticdbPlugin)
[debug] Plugins.deducer#function took 124.816208 ms
[debug]               Load.resolveProject(assessment1-build) took 59.241167ms
[debug]             Load.loadTransitive: finalizeProject(Project(id assessment1-build, base: /Users/purvigupta/Desktop/apple-scala-training/assessment1/project, plugins: List(<none>))) took 218.693792ms
[debug] [Loading] Done in /Users/purvigupta/Desktop/apple-scala-training/assessment1/project, returning: (assessment1-build)
[debug]           Load.loadUnit: loadedProjectsRaw took 239.786875ms
[debug]           Load.loadUnit: cleanEvalClasses took 0.294917ms
[debug]         Load.loadUnit(file:/Users/purvigupta/Desktop/apple-scala-training/assessment1/project/, ...) took 375.327167ms
[debug]       Load.apply: load took 5759.762667ms
[debug]       Load.apply: resolveProjects took 7.742083ms
[debug]       Load.apply: finalTransforms took 122.203584ms
[debug]       Load.apply: config.delegates took 12.149875ms
[debug]       Load.apply: Def.make(settings)... took 1376.87125ms
[debug]       Load.apply: structureIndex took 254.737042ms
[debug]       Load.apply: mkStreams took 1.947416ms
[info] loading project definition from /Users/purvigupta/Desktop/apple-scala-training/assessment1/project
[debug] Running task... Cancel: Signal, check cycles: false, forcegc: true
[debug]     Load.loadUnit: plugins took 10148.614083ms
[debug]     Load.loadUnit: defsScala took 0.002208ms
[debug] [Loading] Scanning directory /Users/purvigupta/Desktop/apple-scala-training/assessment1
[debug]       Load.loadUnit: mkEval took 6.649791ms
[debug] [Loading] Found root project root w/ remaining 
[debug] deducing auto plugins based on known facts Set(Atom(sbt.plugins.CorePlugin)) and clauses Clauses(Clause(Atom(sbt.plugins.JvmPlugin),Set(Atom(sbt.plugins.IvyPlugin)))
[debug] Clause(Atom(sbt.ScriptedPlugin),Set(Atom(sbt.plugins.JvmPlugin)))
[debug] Clause(Atom(sbt.plugins.SbtPlugin),Set(Atom(sbt.ScriptedPlugin)))
[debug] Clause(Atom(sbt.plugins.SemanticdbPlugin),Set(Atom(sbt.plugins.JvmPlugin)))
[debug] Clause(Atom(sbt.plugins.JUnitXmlReportPlugin),Set(Atom(sbt.plugins.JvmPlugin)))
[debug] Clause(Atom(sbt.plugins.MiniDependencyTreePlugin),Set(Atom(sbt.plugins.JvmPlugin)))
[debug] Clause(Atom(sbt.plugins.CorePlugin),Set(Atom(sbt.plugins.IvyPlugin)))
[debug] Clause(Atom(sbt.plugins.IvyPlugin),Set(Atom(sbt.plugins.JvmPlugin)))
[debug] Clause(Atom(sbt.plugins.JvmPlugin),Set(Atom(sbt.plugins.SemanticdbPlugin)))
[debug] Clause(Atom(sbt.plugins.JvmPlugin),Set(Atom(sbt.plugins.JUnitXmlReportPlugin)))
[debug] Clause(Atom(sbt.plugins.CorePlugin),Set(Atom(sbt.plugins.Giter8TemplatePlugin)))
[debug] Clause(Atom(sbt.plugins.JvmPlugin),Set(Atom(sbt.plugins.MiniDependencyTreePlugin))))
[debug]   :: deduced result: Matched(sbt.plugins.CorePlugin,sbt.plugins.Giter8TemplatePlugin,sbt.plugins.IvyPlugin,sbt.plugins.JvmPlugin,sbt.plugins.MiniDependencyTreePlugin,sbt.plugins.JUnitXmlReportPlugin,sbt.plugins.SemanticdbPlugin)
[debug] Plugins.deducer#function took 9.285666 ms
[info] loading settings for project root from build.sbt ...
[debug]         Load.resolveProject(root) took 14.181916ms
[debug]       Load.loadTransitive: finalizeProject(Project(id root, base: /Users/purvigupta/Desktop/apple-scala-training/assessment1, plugins: List(<none>))) took 29.0135ms
[debug] [Loading] Done in /Users/purvigupta/Desktop/apple-scala-training/assessment1, returning: (root)
[debug]     Load.loadUnit: loadedProjectsRaw took 6151.450625ms
[debug]     Load.loadUnit: cleanEvalClasses took 10.395125ms
[debug]   Load.loadUnit(file:/Users/purvigupta/Desktop/apple-scala-training/assessment1/, ...) took 16312.793458ms
[debug] Load.apply: load took 16333.347209ms
[debug] Load.apply: resolveProjects took 3.043041ms
[debug] Load.apply: finalTransforms took 27.342333ms
[debug] Load.apply: config.delegates took 2.7235ms
[debug] Load.apply: Def.make(settings)... took 466.407625ms
[debug] Load.apply: structureIndex took 82.968083ms
[debug] Load.apply: mkStreams took 0.004667ms
[info] set current project to Assessment1 (in build file:/Users/purvigupta/Desktop/apple-scala-training/assessment1/)
[debug] > Exec(sbtPopOnFailure, None, None)
[debug] > Exec(resumeFromFailure, None, None)
[debug] > Exec(notifyUsersAboutShell, None, None)
[debug] > Exec(iflast shell, None, None)
[debug] > Exec(shell, None, None)
[info] 
[info] Here are some highlights of sbt 1.10.0:
[info]   - SIP-51 support for Scala 2.13 evolution
[info]   - Various Zinc fixes
[info]   - ConsistentAnalysisFormat: new Zinc Analysis serialization
[info]   - CommandProgress API
[info] See https://eed3si9n.com/sbt-1.10.0 for full release notes.
[info] Hide the banner for this release by running `skipBanner`.
[info] sbt server started at local:///Users/purvigupta/.sbt/1.0/server/488e4cdd30780f555a3a/sock
[debug] Writing bsp connection file
[info] started sbt server
