2024.06.18 12:31:30 INFO  Started: Metals version 1.3.1 in folders '/Users/purvigupta/Desktop/apple-scala-training/Day17Task' for client Visual Studio Code 1.89.1.
SLF4J(W): Class path contains multiple SLF4J providers.
SLF4J(W): Found provider [scribe.slf4j.ScribeServiceProvider@411d859a]
SLF4J(W): Found provider [ch.qos.logback.classic.spi.LogbackServiceProvider@6766be08]
SLF4J(W): See https://www.slf4j.org/codes.html#multiple_bindings for an explanation.
SLF4J(I): Actual provider is of type [scribe.slf4j.ScribeServiceProvider@411d859a]
2024.06.18 12:31:31 WARN  Flyway upgrade recommended: H2 2.2.224 is newer than this version of Flyway and support has not been tested. The latest supported version of H2 is 2.2.220.
2024.06.18 12:31:31 INFO  no build target found for /Users/purvigupta/Desktop/apple-scala-training/Day17Task/src/main/scala/RefactoredCode.scala. Using presentation compiler with project's scala-library version: 3.3.3
Jun 18, 2024 12:31:32 PM org.eclipse.lsp4j.jsonrpc.RemoteEndpoint handleCancellation
WARNING: Unmatched cancel notification for request id 1
2024.06.18 12:31:32 INFO  no build target found for /Users/purvigupta/Desktop/apple-scala-training/Day17Task/src/main/scala/RefactoredCode.scala. Using presentation compiler with project's scala-library version: 3.3.3
2024.06.18 12:31:33 INFO  no build target found for /Users/purvigupta/Desktop/apple-scala-training/Day17Task/src/main/scala/RefactoredCode.scala. Using presentation compiler with project's scala-library version: 3.3.3
2024.06.18 12:31:33 INFO  no build target found for /Users/purvigupta/Desktop/apple-scala-training/Day17Task/src/main/scala/RefactoredCode.scala. Using presentation compiler with project's scala-library version: 3.3.3
2024.06.18 12:31:33 INFO  no build target found for /Users/purvigupta/Desktop/apple-scala-training/Day17Task/src/main/scala/RefactoredCode.scala. Using presentation compiler with project's scala-library version: 3.3.3
2024.06.18 12:31:36 INFO  no build target found for /Users/purvigupta/Desktop/apple-scala-training/Day17Task/src/main/scala/RefactoredCode.scala. Using presentation compiler with project's scala-library version: 3.3.3
Jun 18, 2024 12:31:36 PM org.eclipse.lsp4j.jsonrpc.RemoteEndpoint handleCancellation
WARNING: Unmatched cancel notification for request id 14
2024.06.18 12:31:36 INFO  no build target found for /Users/purvigupta/Desktop/apple-scala-training/Day17Task/src/main/scala/RefactoredCode.scala. Using presentation compiler with project's scala-library version: 3.3.3
2024.06.18 12:31:38 INFO  no build target found for /Users/purvigupta/Desktop/apple-scala-training/Day17Task/src/main/scala/RefactoredCode.scala. Using presentation compiler with project's scala-library version: 3.3.3
2024.06.18 12:31:39 INFO  no build target found for /Users/purvigupta/Desktop/apple-scala-training/Day17Task/src/main/scala/RefactoredCode.scala. Using presentation compiler with project's scala-library version: 3.3.3
2024.06.18 12:31:39 INFO  no build target found for /Users/purvigupta/Desktop/apple-scala-training/Day17Task/src/main/scala/RefactoredCode.scala. Using presentation compiler with project's scala-library version: 3.3.3
2024.06.18 12:31:47 INFO  no build target found for /Users/purvigupta/Desktop/apple-scala-training/Day17Task/src/main/scala/RefactoredCode.scala. Using presentation compiler with project's scala-library version: 3.3.3
2024.06.18 12:31:47 INFO  no build target found for /Users/purvigupta/Desktop/apple-scala-training/Day17Task/src/main/scala/RefactoredCode.scala. Using presentation compiler with project's scala-library version: 3.3.3
2024.06.18 12:31:50 INFO  no build target found for /Users/purvigupta/Desktop/apple-scala-training/Day17Task/src/main/scala/RefactoredCode.scala. Using presentation compiler with project's scala-library version: 3.3.3
2024.06.18 12:32:11 INFO  no build target found for /Users/purvigupta/Desktop/apple-scala-training/Day17Task/src/main/scala/RefactoredCode.scala. Using presentation compiler with project's scala-library version: 3.3.3
2024.06.18 12:32:11 INFO  no build target found for /Users/purvigupta/Desktop/apple-scala-training/Day17Task/src/main/scala/RefactoredCode.scala. Using presentation compiler with project's scala-library version: 3.3.3
2024.06.18 12:32:12 INFO  no build target found for /Users/purvigupta/Desktop/apple-scala-training/Day17Task/src/main/scala/RefactoredCode.scala. Using presentation compiler with project's scala-library version: 3.3.3
2024.06.18 12:32:14 INFO  no build target found for /Users/purvigupta/Desktop/apple-scala-training/Day17Task/src/main/scala/RefactoredCode.scala. Using presentation compiler with project's scala-library version: 3.3.3
2024.06.18 12:32:15 INFO  no build target found for /Users/purvigupta/Desktop/apple-scala-training/Day17Task/src/main/scala/RefactoredCode.scala. Using presentation compiler with project's scala-library version: 3.3.3
2024.06.18 12:32:15 WARN  no build target for: /Users/purvigupta/Desktop/apple-scala-training/Day17Task/src/main/scala/RefactoredCode.scala
2024.06.18 12:32:15 INFO  no build target found for /Users/purvigupta/Desktop/apple-scala-training/Day17Task/src/main/scala/RefactoredCode.scala. Using presentation compiler with project's scala-library version: 3.3.3
2024.06.18 12:32:15 INFO  no build target found for /Users/purvigupta/Desktop/apple-scala-training/Day17Task/src/main/scala/RefactoredCode.scala. Using presentation compiler with project's scala-library version: 3.3.3
2024.06.18 12:32:17 INFO  no build target found for /Users/purvigupta/Desktop/apple-scala-training/Day17Task/src/main/scala/RefactoredCode.scala. Using presentation compiler with project's scala-library version: 3.3.3
2024.06.18 12:32:17 INFO  no build target found for /Users/purvigupta/Desktop/apple-scala-training/Day17Task/src/main/scala/RefactoredCode.scala. Using presentation compiler with project's scala-library version: 3.3.3
2024.06.18 12:32:18 INFO  no build target found for /Users/purvigupta/Desktop/apple-scala-training/Day17Task/src/main/scala/RefactoredCode.scala. Using presentation compiler with project's scala-library version: 3.3.3
2024.06.18 12:32:18 INFO  no build target found for /Users/purvigupta/Desktop/apple-scala-training/Day17Task/src/main/scala/RefactoredCode.scala. Using presentation compiler with project's scala-library version: 3.3.3
2024.06.18 12:32:18 INFO  no build target found for /Users/purvigupta/Desktop/apple-scala-training/Day17Task/src/main/scala/RefactoredCode.scala. Using presentation compiler with project's scala-library version: 3.3.3
2024.06.18 12:32:19 INFO  no build target found for /Users/purvigupta/Desktop/apple-scala-training/Day17Task/src/main/scala/RefactoredCode.scala. Using presentation compiler with project's scala-library version: 3.3.3
2024.06.18 12:32:19 INFO  no build target found for /Users/purvigupta/Desktop/apple-scala-training/Day17Task/src/main/scala/RefactoredCode.scala. Using presentation compiler with project's scala-library version: 3.3.3
2024.06.18 12:32:20 WARN  no build target for: /Users/purvigupta/Desktop/apple-scala-training/Day17Task/src/main/scala/RefactoredCode.scala
2024.06.18 12:32:20 INFO  no build target found for /Users/purvigupta/Desktop/apple-scala-training/Day17Task/src/main/scala/RefactoredCode.scala. Using presentation compiler with project's scala-library version: 3.3.3
2024.06.18 12:32:20 INFO  no build target found for /Users/purvigupta/Desktop/apple-scala-training/Day17Task/src/main/scala/RefactoredCode.scala. Using presentation compiler with project's scala-library version: 3.3.3
2024.06.18 12:32:20 INFO  no build target found for /Users/purvigupta/Desktop/apple-scala-training/Day17Task/src/main/scala/RefactoredCode.scala. Using presentation compiler with project's scala-library version: 3.3.3
2024.06.18 12:32:21 INFO  no build target found for /Users/purvigupta/Desktop/apple-scala-training/Day17Task/src/main/scala/RefactoredCode.scala. Using presentation compiler with project's scala-library version: 3.3.3
2024.06.18 12:32:22 INFO  no build target found for /Users/purvigupta/Desktop/apple-scala-training/Day17Task/src/main/scala/RefactoredCode.scala. Using presentation compiler with project's scala-library version: 3.3.3
2024.06.18 12:32:22 INFO  no build target found for /Users/purvigupta/Desktop/apple-scala-training/Day17Task/src/main/scala/RefactoredCode.scala. Using presentation compiler with project's scala-library version: 3.3.3
2024.06.18 12:32:22 WARN  no build target for: /Users/purvigupta/Desktop/apple-scala-training/Day17Task/src/main/scala/RefactoredCode.scala
2024.06.18 12:32:21 INFO  no build target found for /Users/purvigupta/Desktop/apple-scala-training/Day17Task/src/main/scala/RefactoredCode.scala. Using presentation compiler with project's scala-library version: 3.3.3
2024.06.18 12:32:22 INFO  no build target found for /Users/purvigupta/Desktop/apple-scala-training/Day17Task/src/main/scala/RefactoredCode.scala. Using presentation compiler with project's scala-library version: 3.3.3
2024.06.18 12:32:23 INFO  no build target found for /Users/purvigupta/Desktop/apple-scala-training/Day17Task/src/main/scala/RefactoredCode.scala. Using presentation compiler with project's scala-library version: 3.3.3
2024.06.18 12:32:23 WARN  no build target for: /Users/purvigupta/Desktop/apple-scala-training/Day17Task/src/main/scala/RefactoredCode.scala
2024.06.18 12:32:23 INFO  no build target found for /Users/purvigupta/Desktop/apple-scala-training/Day17Task/src/main/scala/RefactoredCode.scala. Using presentation compiler with project's scala-library version: 3.3.3
2024.06.18 12:32:23 INFO  no build target found for /Users/purvigupta/Desktop/apple-scala-training/Day17Task/src/main/scala/RefactoredCode.scala. Using presentation compiler with project's scala-library version: 3.3.3
2024.06.18 12:32:47 INFO  no build target found for /Users/purvigupta/Desktop/apple-scala-training/Day17Task/src/main/scala/RefactoredCode.scala. Using presentation compiler with project's scala-library version: 3.3.3
2024.06.18 12:32:47 INFO  no build target found for /Users/purvigupta/Desktop/apple-scala-training/Day17Task/src/main/scala/RefactoredCode.scala. Using presentation compiler with project's scala-library version: 3.3.3
2024.06.18 12:32:47 INFO  no build target found for /Users/purvigupta/Desktop/apple-scala-training/Day17Task/src/main/scala/RefactoredCode.scala. Using presentation compiler with project's scala-library version: 3.3.3
2024.06.18 12:32:55 INFO  no build target found for /Users/purvigupta/Desktop/apple-scala-training/Day17Task/src/main/scala/RefactoredCode.scala. Using presentation compiler with project's scala-library version: 3.3.3
2024.06.18 12:32:55 INFO  no build target found for /Users/purvigupta/Desktop/apple-scala-training/Day17Task/src/main/scala/RefactoredCode.scala. Using presentation compiler with project's scala-library version: 3.3.3
2024.06.18 12:32:57 INFO  no build target found for /Users/purvigupta/Desktop/apple-scala-training/Day17Task/src/main/scala/RefactoredCode.scala. Using presentation compiler with project's scala-library version: 3.3.3
2024.06.18 12:32:58 INFO  no build target found for /Users/purvigupta/Desktop/apple-scala-training/Day17Task/src/main/scala/RefactoredCode.scala. Using presentation compiler with project's scala-library version: 3.3.3
2024.06.18 12:32:59 WARN  no build target for: /Users/purvigupta/Desktop/apple-scala-training/Day17Task/src/main/scala/RefactoredCode.scala
2024.06.18 12:32:59 INFO  no build target found for /Users/purvigupta/Desktop/apple-scala-training/Day17Task/src/main/scala/RefactoredCode.scala. Using presentation compiler with project's scala-library version: 3.3.3
2024.06.18 12:32:59 INFO  no build target found for /Users/purvigupta/Desktop/apple-scala-training/Day17Task/src/main/scala/RefactoredCode.scala. Using presentation compiler with project's scala-library version: 3.3.3
2024.06.18 12:32:59 INFO  no build target found for /Users/purvigupta/Desktop/apple-scala-training/Day17Task/src/main/scala/RefactoredCode.scala. Using presentation compiler with project's scala-library version: 3.3.3
2024.06.18 12:32:59 INFO  no build target found for /Users/purvigupta/Desktop/apple-scala-training/Day17Task/src/main/scala/RefactoredCode.scala. Using presentation compiler with project's scala-library version: 3.3.3
2024.06.18 12:33:00 INFO  no build target found for /Users/purvigupta/Desktop/apple-scala-training/Day17Task/src/main/scala/RefactoredCode.scala. Using presentation compiler with project's scala-library version: 3.3.3
2024.06.18 12:33:01 INFO  no build target found for /Users/purvigupta/Desktop/apple-scala-training/Day17Task/src/main/scala/RefactoredCode.scala. Using presentation compiler with project's scala-library version: 3.3.3
2024.06.18 12:33:02 INFO  no build target found for /Users/purvigupta/Desktop/apple-scala-training/Day17Task/src/main/scala/RefactoredCode.scala. Using presentation compiler with project's scala-library version: 3.3.3
2024.06.18 12:33:01 WARN  no build target for: /Users/purvigupta/Desktop/apple-scala-training/Day17Task/src/main/scala/RefactoredCode.scala
2024.06.18 12:33:02 INFO  no build target found for /Users/purvigupta/Desktop/apple-scala-training/Day17Task/src/main/scala/RefactoredCode.scala. Using presentation compiler with project's scala-library version: 3.3.3
2024.06.18 12:33:02 INFO  no build target found for /Users/purvigupta/Desktop/apple-scala-training/Day17Task/src/main/scala/RefactoredCode.scala. Using presentation compiler with project's scala-library version: 3.3.3
2024.06.18 12:33:02 INFO  no build target found for /Users/purvigupta/Desktop/apple-scala-training/Day17Task/src/main/scala/RefactoredCode.scala. Using presentation compiler with project's scala-library version: 3.3.3
2024.06.18 12:33:02 INFO  no build target found for /Users/purvigupta/Desktop/apple-scala-training/Day17Task/src/main/scala/RefactoredCode.scala. Using presentation compiler with project's scala-library version: 3.3.3
2024.06.18 12:33:03 INFO  no build target found for /Users/purvigupta/Desktop/apple-scala-training/Day17Task/src/main/scala/RefactoredCode.scala. Using presentation compiler with project's scala-library version: 3.3.3
2024.06.18 12:33:04 INFO  no build target found for /Users/purvigupta/Desktop/apple-scala-training/Day17Task/src/main/scala/RefactoredCode.scala. Using presentation compiler with project's scala-library version: 3.3.3
2024.06.18 12:33:04 INFO  no build target found for /Users/purvigupta/Desktop/apple-scala-training/Day17Task/src/main/scala/RefactoredCode.scala. Using presentation compiler with project's scala-library version: 3.3.3
2024.06.18 12:33:04 INFO  no build target found for /Users/purvigupta/Desktop/apple-scala-training/Day17Task/src/main/scala/RefactoredCode.scala. Using presentation compiler with project's scala-library version: 3.3.3
2024.06.18 12:33:05 INFO  no build target found for /Users/purvigupta/Desktop/apple-scala-training/Day17Task/src/main/scala/RefactoredCode.scala. Using presentation compiler with project's scala-library version: 3.3.3
2024.06.18 12:33:06 WARN  no build target for: /Users/purvigupta/Desktop/apple-scala-training/Day17Task/src/main/scala/RefactoredCode.scala
2024.06.18 12:33:06 INFO  no build target found for /Users/purvigupta/Desktop/apple-scala-training/Day17Task/src/main/scala/RefactoredCode.scala. Using presentation compiler with project's scala-library version: 3.3.3
2024.06.18 12:33:06 INFO  no build target found for /Users/purvigupta/Desktop/apple-scala-training/Day17Task/src/main/scala/RefactoredCode.scala. Using presentation compiler with project's scala-library version: 3.3.3
2024.06.18 12:33:06 INFO  no build target found for /Users/purvigupta/Desktop/apple-scala-training/Day17Task/src/main/scala/RefactoredCode.scala. Using presentation compiler with project's scala-library version: 3.3.3
2024.06.18 12:33:07 INFO  no build target found for /Users/purvigupta/Desktop/apple-scala-training/Day17Task/src/main/scala/RefactoredCode.scala. Using presentation compiler with project's scala-library version: 3.3.3
2024.06.18 12:33:07 INFO  no build target found for /Users/purvigupta/Desktop/apple-scala-training/Day17Task/src/main/scala/RefactoredCode.scala. Using presentation compiler with project's scala-library version: 3.3.3
2024.06.18 12:33:09 INFO  no build target found for /Users/purvigupta/Desktop/apple-scala-training/Day17Task/src/main/scala/RefactoredCode.scala. Using presentation compiler with project's scala-library version: 3.3.3
2024.06.18 12:33:09 INFO  no build target found for /Users/purvigupta/Desktop/apple-scala-training/Day17Task/src/main/scala/RefactoredCode.scala. Using presentation compiler with project's scala-library version: 3.3.3
2024.06.18 12:33:10 INFO  no build target found for /Users/purvigupta/Desktop/apple-scala-training/Day17Task/src/main/scala/RefactoredCode.scala. Using presentation compiler with project's scala-library version: 3.3.3
2024.06.18 12:33:10 INFO  no build target found for /Users/purvigupta/Desktop/apple-scala-training/Day17Task/src/main/scala/RefactoredCode.scala. Using presentation compiler with project's scala-library version: 3.3.3
2024.06.18 12:33:10 WARN  no build target for: /Users/purvigupta/Desktop/apple-scala-training/Day17Task/src/main/scala/RefactoredCode.scala
2024.06.18 12:33:10 INFO  no build target found for /Users/purvigupta/Desktop/apple-scala-training/Day17Task/src/main/scala/RefactoredCode.scala. Using presentation compiler with project's scala-library version: 3.3.3
2024.06.18 12:33:10 INFO  no build target found for /Users/purvigupta/Desktop/apple-scala-training/Day17Task/src/main/scala/RefactoredCode.scala. Using presentation compiler with project's scala-library version: 3.3.3
2024.06.18 12:33:10 INFO  no build target found for /Users/purvigupta/Desktop/apple-scala-training/Day17Task/src/main/scala/RefactoredCode.scala. Using presentation compiler with project's scala-library version: 3.3.3
2024.06.18 12:33:12 WARN  no build target for: /Users/purvigupta/Desktop/apple-scala-training/Day17Task/src/main/scala/RefactoredCode.scala
2024.06.18 12:33:12 INFO  no build target found for /Users/purvigupta/Desktop/apple-scala-training/Day17Task/src/main/scala/RefactoredCode.scala. Using presentation compiler with project's scala-library version: 3.3.3
2024.06.18 12:33:12 INFO  no build target found for /Users/purvigupta/Desktop/apple-scala-training/Day17Task/src/main/scala/RefactoredCode.scala. Using presentation compiler with project's scala-library version: 3.3.3
2024.06.18 12:33:21 INFO  no build target found for /Users/purvigupta/Desktop/apple-scala-training/Day17Task/src/main/scala/RefactoredCode.scala. Using presentation compiler with project's scala-library version: 3.3.3
2024.06.18 12:33:23 INFO  no build target found for /Users/purvigupta/Desktop/apple-scala-training/Day17Task/src/main/scala/RefactoredCode.scala. Using presentation compiler with project's scala-library version: 3.3.3
2024.06.18 12:33:23 INFO  no build target found for /Users/purvigupta/Desktop/apple-scala-training/Day17Task/src/main/scala/WriteToKeyspaces.scala. Using presentation compiler with project's scala-library version: 3.3.3
2024.06.18 12:33:23 INFO  no build target found for /Users/purvigupta/Desktop/apple-scala-training/Day17Task/src/main/scala/WriteToKeyspaces.scala. Using presentation compiler with project's scala-library version: 3.3.3
2024.06.18 12:33:26 INFO  no build target found for /Users/purvigupta/Desktop/apple-scala-training/Day17Task/src/main/scala/WriteToKeyspaces.scala. Using presentation compiler with project's scala-library version: 3.3.3
2024.06.18 12:33:26 INFO  no build target found for /Users/purvigupta/Desktop/apple-scala-training/Day17Task/src/main/scala/WriteToKeyspaces.scala. Using presentation compiler with project's scala-library version: 3.3.3
2024.06.18 12:33:28 INFO  no build target found for /Users/purvigupta/Desktop/apple-scala-training/Day17Task/src/main/scala/RefactoredCode.scala. Using presentation compiler with project's scala-library version: 3.3.3
2024.06.18 12:33:28 INFO  no build target found for /Users/purvigupta/Desktop/apple-scala-training/Day17Task/src/main/scala/RefactoredCode.scala. Using presentation compiler with project's scala-library version: 3.3.3
2024.06.18 12:33:28 INFO  no build target found for /Users/purvigupta/Desktop/apple-scala-training/Day17Task/src/main/scala/RefactoredCode.scala. Using presentation compiler with project's scala-library version: 3.3.3
2024.06.18 12:33:30 INFO  no build target found for /Users/purvigupta/Desktop/apple-scala-training/Day17Task/src/main/scala/RefactoredCode.scala. Using presentation compiler with project's scala-library version: 3.3.3
2024.06.18 12:33:30 INFO  no build target found for /Users/purvigupta/Desktop/apple-scala-training/Day17Task/src/main/scala/RefactoredCode.scala. Using presentation compiler with project's scala-library version: 3.3.3
2024.06.18 12:33:31 INFO  no build target found for /Users/purvigupta/Desktop/apple-scala-training/Day17Task/src/main/scala/RefactoredCode.scala. Using presentation compiler with project's scala-library version: 3.3.3
2024.06.18 12:33:34 INFO  no build target found for /Users/purvigupta/Desktop/apple-scala-training/Day17Task/src/main/scala/WriteToKeyspaces.scala. Using presentation compiler with project's scala-library version: 3.3.3
2024.06.18 12:33:36 INFO  no build target found for /Users/purvigupta/Desktop/apple-scala-training/Day17Task/src/main/scala/WriteToKeyspaces.scala. Using presentation compiler with project's scala-library version: 3.3.3
2024.06.18 12:33:37 INFO  no build target found for /Users/purvigupta/Desktop/apple-scala-training/Day17Task/src/main/scala/WriteToKeyspaces.scala. Using presentation compiler with project's scala-library version: 3.3.3
2024.06.18 12:33:40 INFO  no build target found for /Users/purvigupta/Desktop/apple-scala-training/Day17Task/src/main/scala/WriteToKeyspaces.scala. Using presentation compiler with project's scala-library version: 3.3.3
2024.06.18 12:33:40 INFO  no build target found for /Users/purvigupta/Desktop/apple-scala-training/Day17Task/src/main/scala/WriteToKeyspaces.scala. Using presentation compiler with project's scala-library version: 3.3.3
2024.06.18 12:33:41 INFO  no build target found for /Users/purvigupta/Desktop/apple-scala-training/Day17Task/src/main/scala/WriteToKeyspaces.scala. Using presentation compiler with project's scala-library version: 3.3.3
2024.06.18 12:33:41 WARN  no build target for: /Users/purvigupta/Desktop/apple-scala-training/Day17Task/src/main/scala/WriteToKeyspaces.scala
2024.06.18 12:33:40 INFO  no build target found for /Users/purvigupta/Desktop/apple-scala-training/Day17Task/src/main/scala/WriteToKeyspaces.scala. Using presentation compiler with project's scala-library version: 3.3.3
2024.06.18 12:33:41 INFO  no build target found for /Users/purvigupta/Desktop/apple-scala-training/Day17Task/src/main/scala/WriteToKeyspaces.scala. Using presentation compiler with project's scala-library version: 3.3.3
2024.06.18 12:33:41 INFO  no build target found for /Users/purvigupta/Desktop/apple-scala-training/Day17Task/src/main/scala/WriteToKeyspaces.scala. Using presentation compiler with project's scala-library version: 3.3.3
2024.06.18 12:33:42 INFO  no build target found for /Users/purvigupta/Desktop/apple-scala-training/Day17Task/src/main/scala/WriteToKeyspaces.scala. Using presentation compiler with project's scala-library version: 3.3.3
2024.06.18 12:33:43 INFO  no build target found for /Users/purvigupta/Desktop/apple-scala-training/Day17Task/src/main/scala/WriteToKeyspaces.scala. Using presentation compiler with project's scala-library version: 3.3.3
2024.06.18 12:33:43 INFO  no build target found for /Users/purvigupta/Desktop/apple-scala-training/Day17Task/src/main/scala/WriteToKeyspaces.scala. Using presentation compiler with project's scala-library version: 3.3.3
2024.06.18 12:33:43 INFO  no build target found for /Users/purvigupta/Desktop/apple-scala-training/Day17Task/src/main/scala/WriteToKeyspaces.scala. Using presentation compiler with project's scala-library version: 3.3.3
2024.06.18 12:33:43 INFO  no build target found for /Users/purvigupta/Desktop/apple-scala-training/Day17Task/src/main/scala/WriteToKeyspaces.scala. Using presentation compiler with project's scala-library version: 3.3.3
2024.06.18 12:33:46 INFO  no build target found for /Users/purvigupta/Desktop/apple-scala-training/Day17Task/src/main/scala/WriteToKeyspaces.scala. Using presentation compiler with project's scala-library version: 3.3.3
2024.06.18 12:33:46 INFO  no build target found for /Users/purvigupta/Desktop/apple-scala-training/Day17Task/src/main/scala/WriteToKeyspaces.scala. Using presentation compiler with project's scala-library version: 3.3.3
2024.06.18 12:33:46 INFO  no build target found for /Users/purvigupta/Desktop/apple-scala-training/Day17Task/src/main/scala/WriteToKeyspaces.scala. Using presentation compiler with project's scala-library version: 3.3.3
2024.06.18 12:33:47 INFO  no build target found for /Users/purvigupta/Desktop/apple-scala-training/Day17Task/src/main/scala/WriteToKeyspaces.scala. Using presentation compiler with project's scala-library version: 3.3.3
2024.06.18 12:33:48 INFO  no build target found for /Users/purvigupta/Desktop/apple-scala-training/Day17Task/src/main/scala/WriteToKeyspaces.scala. Using presentation compiler with project's scala-library version: 3.3.3
2024.06.18 12:33:48 INFO  no build target found for /Users/purvigupta/Desktop/apple-scala-training/Day17Task/src/main/scala/WriteToKeyspaces.scala. Using presentation compiler with project's scala-library version: 3.3.3
2024.06.18 12:33:48 INFO  no build target found for /Users/purvigupta/Desktop/apple-scala-training/Day17Task/src/main/scala/WriteToKeyspaces.scala. Using presentation compiler with project's scala-library version: 3.3.3
2024.06.18 12:33:49 WARN  no build target for: /Users/purvigupta/Desktop/apple-scala-training/Day17Task/src/main/scala/WriteToKeyspaces.scala
2024.06.18 12:33:49 INFO  no build target found for /Users/purvigupta/Desktop/apple-scala-training/Day17Task/src/main/scala/WriteToKeyspaces.scala. Using presentation compiler with project's scala-library version: 3.3.3
2024.06.18 12:33:49 INFO  no build target found for /Users/purvigupta/Desktop/apple-scala-training/Day17Task/src/main/scala/WriteToKeyspaces.scala. Using presentation compiler with project's scala-library version: 3.3.3
2024.06.18 12:33:49 INFO  no build target found for /Users/purvigupta/Desktop/apple-scala-training/Day17Task/src/main/scala/WriteToKeyspaces.scala. Using presentation compiler with project's scala-library version: 3.3.3
2024.06.18 12:33:49 INFO  no build target found for /Users/purvigupta/Desktop/apple-scala-training/Day17Task/src/main/scala/WriteToKeyspaces.scala. Using presentation compiler with project's scala-library version: 3.3.3
2024.06.18 12:33:51 INFO  no build target found for /Users/purvigupta/Desktop/apple-scala-training/Day17Task/src/main/scala/WriteToKeyspaces.scala. Using presentation compiler with project's scala-library version: 3.3.3
2024.06.18 12:33:51 WARN  no build target for: /Users/purvigupta/Desktop/apple-scala-training/Day17Task/src/main/scala/WriteToKeyspaces.scala
2024.06.18 12:33:51 INFO  no build target found for /Users/purvigupta/Desktop/apple-scala-training/Day17Task/src/main/scala/WriteToKeyspaces.scala. Using presentation compiler with project's scala-library version: 3.3.3
2024.06.18 12:33:51 INFO  no build target found for /Users/purvigupta/Desktop/apple-scala-training/Day17Task/src/main/scala/WriteToKeyspaces.scala. Using presentation compiler with project's scala-library version: 3.3.3
2024.06.18 12:33:52 INFO  no build target found for /Users/purvigupta/Desktop/apple-scala-training/Day17Task/src/main/scala/WriteToKeyspaces.scala. Using presentation compiler with project's scala-library version: 3.3.3
2024.06.18 12:33:52 INFO  no build target found for /Users/purvigupta/Desktop/apple-scala-training/Day17Task/src/main/scala/WriteToKeyspaces.scala. Using presentation compiler with project's scala-library version: 3.3.3
2024.06.18 12:33:53 INFO  no build target found for /Users/purvigupta/Desktop/apple-scala-training/Day17Task/src/main/scala/WriteToKeyspaces.scala. Using presentation compiler with project's scala-library version: 3.3.3
2024.06.18 12:33:53 INFO  no build target found for /Users/purvigupta/Desktop/apple-scala-training/Day17Task/src/main/scala/WriteToKeyspaces.scala. Using presentation compiler with project's scala-library version: 3.3.3
2024.06.18 12:33:54 WARN  no build target for: /Users/purvigupta/Desktop/apple-scala-training/Day17Task/src/main/scala/WriteToKeyspaces.scala
2024.06.18 12:33:54 INFO  no build target found for /Users/purvigupta/Desktop/apple-scala-training/Day17Task/src/main/scala/WriteToKeyspaces.scala. Using presentation compiler with project's scala-library version: 3.3.3
2024.06.18 12:33:56 INFO  no build target found for /Users/purvigupta/Desktop/apple-scala-training/Day17Task/src/main/scala/WriteToKeyspaces.scala. Using presentation compiler with project's scala-library version: 3.3.3
2024.06.18 12:34:01 INFO  no build target found for /Users/purvigupta/Desktop/apple-scala-training/Day17Task/src/main/scala/WriteToKeyspaces.scala. Using presentation compiler with project's scala-library version: 3.3.3
2024.06.18 12:34:02 INFO  no build target found for /Users/purvigupta/Desktop/apple-scala-training/Day17Task/src/main/scala/WriteToKeyspaces.scala. Using presentation compiler with project's scala-library version: 3.3.3
2024.06.18 12:34:02 INFO  no build target found for /Users/purvigupta/Desktop/apple-scala-training/Day17Task/src/main/scala/WriteToKeyspaces.scala. Using presentation compiler with project's scala-library version: 3.3.3
2024.06.18 12:34:04 INFO  no build target found for /Users/purvigupta/Desktop/apple-scala-training/Day17Task/src/main/scala/WriteToKeyspaces.scala. Using presentation compiler with project's scala-library version: 3.3.3
