[debug] > Exec(early(addDefaultCommands), None, None)
[debug] > Exec(addDefaultCommands, None, None)
[debug] > Exec(early(initialize), None, None)
[debug] > Exec(initialize, None, None)
[debug] > Exec(boot, None, None)
[debug] > Exec(writeSbtVersion, None, None)
[debug] > Exec(reload, None, None)
[debug] > Exec(sbtStashOnFailure, None, None)
[debug] > Exec(onFailure loadFailed, None, None)
[debug] > Exec(loadp, None, None)
[info] welcome to sbt 1.10.0 (Eclipse Adoptium Java 11.0.23)
[debug] Load.defaultLoad until apply took 177.907791ms
[debug]           Load.loadUnit: plugins took 136.351083ms
[debug]           Load.loadUnit: defsScala took 0.373167ms
[debug] [Loading] Scanning directory /Users/purvigupta/Desktop/scalaAssignment/assignment-15/project
[debug]             Load.loadUnit: mkEval took 7.671292ms
[debug] [Loading] Found non-root projects 
[debug] [Loading] Done in /Users/purvigupta/Desktop/scalaAssignment/assignment-15/project, returning: ()
[debug] deducing auto plugins based on known facts Set(Atom(sbt.plugins.CorePlugin)) and clauses Clauses(Clause(Atom(sbt.plugins.JvmPlugin),Set(Atom(sbt.plugins.IvyPlugin)))
[debug] Clause(Atom(sbt.ScriptedPlugin),Set(Atom(sbt.plugins.JvmPlugin)))
[debug] Clause(Atom(sbt.plugins.SbtPlugin),Set(Atom(sbt.ScriptedPlugin)))
[debug] Clause(Atom(sbt.plugins.SemanticdbPlugin),Set(Atom(sbt.plugins.JvmPlugin)))
[debug] Clause(Atom(sbt.plugins.JUnitXmlReportPlugin),Set(Atom(sbt.plugins.JvmPlugin)))
[debug] Clause(Atom(sbt.plugins.MiniDependencyTreePlugin),Set(Atom(sbt.plugins.JvmPlugin)))
[debug] Clause(Atom(sbt.plugins.CorePlugin),Set(Atom(sbt.plugins.IvyPlugin)))
[debug] Clause(Atom(sbt.plugins.IvyPlugin),Set(Atom(sbt.plugins.JvmPlugin)))
[debug] Clause(Atom(sbt.plugins.JvmPlugin),Set(Atom(sbt.plugins.SemanticdbPlugin)))
[debug] Clause(Atom(sbt.plugins.JvmPlugin),Set(Atom(sbt.plugins.JUnitXmlReportPlugin)))
[debug] Clause(Atom(sbt.plugins.CorePlugin),Set(Atom(sbt.plugins.Giter8TemplatePlugin)))
[debug] Clause(Atom(sbt.plugins.JvmPlugin),Set(Atom(sbt.plugins.MiniDependencyTreePlugin))))
[debug]   :: deduced result: Matched(sbt.plugins.CorePlugin,sbt.plugins.Giter8TemplatePlugin,sbt.plugins.IvyPlugin,sbt.plugins.JvmPlugin,sbt.plugins.MiniDependencyTreePlugin,sbt.plugins.JUnitXmlReportPlugin,sbt.plugins.SemanticdbPlugin)
[debug] Plugins.deducer#function took 20.461208 ms
[info] loading settings for project assignment-15-build from plugins.sbt ...
[debug]               Load.resolveProject(assignment-15-build) took 54.514208ms
[debug]             Load.loadTransitive: finalizeProject(Project(id assignment-15-build, base: /Users/purvigupta/Desktop/scalaAssignment/assignment-15/project, plugins: List(<none>))) took 101.052583ms
[debug] [Loading] Done in /Users/purvigupta/Desktop/scalaAssignment/assignment-15/project, returning: (assignment-15-build)
[debug]           Load.loadUnit: loadedProjectsRaw took 629.323708ms
[debug]           Load.loadUnit: cleanEvalClasses took 9.23025ms
[debug]         Load.loadUnit(file:/Users/purvigupta/Desktop/scalaAssignment/assignment-15/project/, ...) took 782.255542ms
